2019-02-22 21:15:54,293 INFO o.a.j.u.JMeterUtils: Setting Locale to en_EN
2019-02-22 21:15:54,325 INFO o.a.j.JMeter: Loading user properties from: C:\apache-jmeter-5.1\bin\user.properties
2019-02-22 21:15:54,325 INFO o.a.j.JMeter: Loading system properties from: C:\apache-jmeter-5.1\bin\system.properties
2019-02-22 21:15:54,325 INFO o.a.j.JMeter: Copyright (c) 1998-2019 The Apache Software Foundation
2019-02-22 21:15:54,325 INFO o.a.j.JMeter: Version 5.1 r1853635
2019-02-22 21:15:54,325 INFO o.a.j.JMeter: java.version=1.8.0_201
2019-02-22 21:15:54,325 INFO o.a.j.JMeter: java.vm.name=Java HotSpot(TM) Client VM
2019-02-22 21:15:54,325 INFO o.a.j.JMeter: os.name=Windows 10
2019-02-22 21:15:54,325 INFO o.a.j.JMeter: os.arch=x86
2019-02-22 21:15:54,325 INFO o.a.j.JMeter: os.version=10.0
2019-02-22 21:15:54,325 INFO o.a.j.JMeter: file.encoding=Cp1252
2019-02-22 21:15:54,325 INFO o.a.j.JMeter: java.awt.headless=true
2019-02-22 21:15:54,325 INFO o.a.j.JMeter: Max memory     =1073741824
2019-02-22 21:15:54,325 INFO o.a.j.JMeter: Available Processors =4
2019-02-22 21:15:54,344 INFO o.a.j.JMeter: Default Locale=English (EN)
2019-02-22 21:15:54,344 INFO o.a.j.JMeter: JMeter  Locale=English (EN)
2019-02-22 21:15:54,344 INFO o.a.j.JMeter: JMeterHome=C:\apache-jmeter-5.1
2019-02-22 21:15:54,344 INFO o.a.j.JMeter: user.dir  =c:\networkFinalProject
2019-02-22 21:15:54,344 INFO o.a.j.JMeter: PWD       =C:\networkFinalProject
2019-02-22 21:15:58,869 INFO o.a.j.JMeter: IP: 192.168.56.1 Name: t-docohe-T450s FullName: t-docohe-T450s.middleeast.corp.microsoft.com
2019-02-22 21:15:58,869 INFO o.a.j.s.FileServer: Default base='c:\networkFinalProject'
2019-02-22 21:15:58,894 INFO o.a.j.s.FileServer: Set new base='c:\networkFinalProject'
2019-02-22 21:15:59,037 INFO o.a.j.s.SaveService: Testplan (JMX) version: 2.2. Testlog (JTL) version: 2.2
2019-02-22 21:15:59,063 INFO o.a.j.s.SaveService: Using SaveService properties file encoding UTF-8
2019-02-22 21:15:59,068 INFO o.a.j.s.SaveService: Using SaveService properties version 5.0
2019-02-22 21:15:59,069 INFO o.a.j.s.SaveService: Loading file: HTTP Request.jmx
2019-02-22 21:15:59,122 INFO o.a.j.p.h.s.HTTPSamplerBase: Parser for text/html is org.apache.jmeter.protocol.http.parser.LagartoBasedHtmlParser
2019-02-22 21:15:59,122 INFO o.a.j.p.h.s.HTTPSamplerBase: Parser for application/xhtml+xml is org.apache.jmeter.protocol.http.parser.LagartoBasedHtmlParser
2019-02-22 21:15:59,122 INFO o.a.j.p.h.s.HTTPSamplerBase: Parser for application/xml is org.apache.jmeter.protocol.http.parser.LagartoBasedHtmlParser
2019-02-22 21:15:59,122 INFO o.a.j.p.h.s.HTTPSamplerBase: Parser for text/xml is org.apache.jmeter.protocol.http.parser.LagartoBasedHtmlParser
2019-02-22 21:15:59,122 INFO o.a.j.p.h.s.HTTPSamplerBase: Parser for text/vnd.wap.wml is org.apache.jmeter.protocol.http.parser.RegexpHTMLParser
2019-02-22 21:15:59,122 INFO o.a.j.p.h.s.HTTPSamplerBase: Parser for text/css is org.apache.jmeter.protocol.http.parser.CssParser
2019-02-22 21:15:59,137 INFO o.a.j.JMeter: Creating summariser <summary>
2019-02-22 21:15:59,137 INFO o.a.j.e.StandardJMeterEngine: Running the test!
2019-02-22 21:15:59,137 INFO o.a.j.s.SampleEvent: List of sample_variables: []
2019-02-22 21:15:59,153 INFO o.a.j.s.SampleEvent: List of sample_variables: []
2019-02-22 21:15:59,166 INFO o.a.j.e.u.CompoundVariable: Note: Function class names must contain the string: '.functions.'
2019-02-22 21:15:59,167 INFO o.a.j.e.u.CompoundVariable: Note: Function class names must not contain the string: '.gui.'
2019-02-22 21:15:59,599 INFO o.a.j.JMeter: Running test (1550862959599)
2019-02-22 21:15:59,630 INFO o.a.j.e.StandardJMeterEngine: Starting ThreadGroup: 1 : Users
2019-02-22 21:15:59,630 INFO o.a.j.e.StandardJMeterEngine: Starting 10 threads for group Users.
2019-02-22 21:15:59,630 INFO o.a.j.e.StandardJMeterEngine: Thread will continue on error
2019-02-22 21:15:59,630 INFO o.a.j.t.ThreadGroup: Starting thread group... number=1 threads=10 ramp-up=1 perThread=100.0 delayedStart=false
2019-02-22 21:15:59,630 INFO o.a.j.t.JMeterThread: Thread started: Users 1-1
2019-02-22 21:15:59,646 INFO o.a.j.t.ThreadGroup: Started thread group number 1
2019-02-22 21:15:59,646 INFO o.a.j.e.StandardJMeterEngine: All thread groups have been started
2019-02-22 21:15:59,652 INFO o.a.j.p.h.s.HTTPHCAbstractImpl: Local host = t-docohe-T450s
2019-02-22 21:15:59,668 INFO o.a.j.p.h.s.HTTPHC4Impl: HTTP request retry count = 0
2019-02-22 21:15:59,668 INFO o.a.j.s.SampleResult: Note: Sample TimeStamps are START times
2019-02-22 21:15:59,668 INFO o.a.j.s.SampleResult: sampleresult.default.encoding is set to ISO-8859-1
2019-02-22 21:15:59,668 INFO o.a.j.s.SampleResult: sampleresult.useNanoTime=true
2019-02-22 21:15:59,668 INFO o.a.j.s.SampleResult: sampleresult.nanoThreadSleep=5000
2019-02-22 21:15:59,744 INFO o.a.j.t.JMeterThread: Thread started: Users 1-2
2019-02-22 21:15:59,831 INFO o.a.j.t.JMeterThread: Thread started: Users 1-3
2019-02-22 21:15:59,836 INFO o.a.j.p.h.s.h.LazyLayeredConnectionSocketFactory: Setting up HTTPS TrustAll Socket Factory
2019-02-22 21:15:59,837 INFO o.a.j.u.JsseSSLManager: Using default SSL protocol: TLS
2019-02-22 21:15:59,837 INFO o.a.j.u.JsseSSLManager: SSL session context: per-thread
2019-02-22 21:15:59,931 INFO o.a.j.t.JMeterThread: Thread started: Users 1-4
2019-02-22 21:16:00,045 INFO o.a.j.t.JMeterThread: Thread started: Users 1-5
2019-02-22 21:16:00,131 INFO o.a.j.t.JMeterThread: Thread started: Users 1-6
2019-02-22 21:16:00,244 INFO o.a.j.t.JMeterThread: Thread started: Users 1-7
2019-02-22 21:16:00,346 INFO o.a.j.t.JMeterThread: Thread started: Users 1-8
2019-02-22 21:16:00,446 INFO o.a.j.t.JMeterThread: Thread started: Users 1-9
2019-02-22 21:16:00,546 INFO o.a.j.t.JMeterThread: Thread started: Users 1-10
2019-02-22 21:16:00,705 INFO o.a.j.u.SSLManager: JmeterKeyStore Location:  type JKS
2019-02-22 21:16:00,706 INFO o.a.j.u.SSLManager: KeyStore created OK
2019-02-22 21:16:00,706 WARN o.a.j.u.SSLManager: Keystore file not found, loading empty keystore
2019-02-22 21:16:01,732 INFO o.a.j.r.Summariser: summary +      1 in 00:00:02 =    0.5/s Avg:  1283 Min:  1283 Max:  1283 Err:     0 (0.00%) Active: 10 Started: 10 Finished: 0
2019-02-22 21:16:30,161 INFO o.a.j.r.Summariser: summary +    550 in 00:00:28 =   19.3/s Avg:   536 Min:   370 Max:  2006 Err:     0 (0.00%) Active: 10 Started: 10 Finished: 0
2019-02-22 21:16:30,243 INFO o.a.j.r.Summariser: summary =    551 in 00:00:31 =   18.0/s Avg:   538 Min:   370 Max:  2006 Err:     0 (0.00%)
2019-02-22 21:16:55,185 INFO o.a.j.t.JMeterThread: Thread is done: Users 1-1
2019-02-22 21:16:55,185 INFO o.a.j.t.JMeterThread: Thread finished: Users 1-1
2019-02-22 21:16:55,192 INFO o.a.j.t.JMeterThread: Thread is done: Users 1-3
2019-02-22 21:16:55,192 INFO o.a.j.t.JMeterThread: Thread finished: Users 1-3
2019-02-22 21:16:55,193 INFO o.a.j.t.JMeterThread: Thread is done: Users 1-4
2019-02-22 21:16:55,193 INFO o.a.j.t.JMeterThread: Thread finished: Users 1-4
2019-02-22 21:16:55,236 INFO o.a.j.t.JMeterThread: Thread is done: Users 1-7
2019-02-22 21:16:55,236 INFO o.a.j.t.JMeterThread: Thread finished: Users 1-7
2019-02-22 21:16:55,281 INFO o.a.j.t.JMeterThread: Thread is done: Users 1-2
2019-02-22 21:16:55,281 INFO o.a.j.t.JMeterThread: Thread finished: Users 1-2
2019-02-22 21:16:55,404 INFO o.a.j.t.JMeterThread: Thread is done: Users 1-9
2019-02-22 21:16:55,405 INFO o.a.j.t.JMeterThread: Thread finished: Users 1-9
2019-02-22 21:16:55,419 INFO o.a.j.t.JMeterThread: Thread is done: Users 1-8
2019-02-22 21:16:55,419 INFO o.a.j.t.JMeterThread: Thread finished: Users 1-8
2019-02-22 21:16:55,887 INFO o.a.j.t.JMeterThread: Thread is done: Users 1-6
2019-02-22 21:16:55,887 INFO o.a.j.t.JMeterThread: Thread finished: Users 1-6
2019-02-22 21:16:56,278 INFO o.a.j.t.JMeterThread: Thread is done: Users 1-5
2019-02-22 21:16:56,278 INFO o.a.j.t.JMeterThread: Thread finished: Users 1-5
2019-02-22 21:16:57,912 INFO o.a.j.t.JMeterThread: Thread is done: Users 1-10
2019-02-22 21:16:57,912 INFO o.a.j.t.JMeterThread: Thread finished: Users 1-10
2019-02-22 21:16:57,912 INFO o.a.j.e.StandardJMeterEngine: Notifying test listeners of end of test
2019-02-22 21:16:57,913 INFO o.a.j.r.Summariser: summary +    449 in 00:00:28 =   16.2/s Avg:   576 Min:   365 Max:  2675 Err:     0 (0.00%) Active: 0 Started: 10 Finished: 10
2019-02-22 21:16:57,916 INFO o.a.j.r.Summariser: summary =   1000 in 00:00:58 =   17.1/s Avg:   555 Min:   365 Max:  2675 Err:     0 (0.00%)
